<?xml version="1.0" encoding="UTF-8"?>
<!-- Generated by org.testng.reporters.JUnitReportReporter -->
<testsuite hostname="Nuwans-MacBook-Pro.local" name="org.wso2.am.integration.tests.api.lifecycle.EditAPIContextAndCheckAccessibilityTestCase" tests="4" failures="0" timestamp="20 Aug 2015 14:37:45 GMT" time="6.601" errors="0">
  <testcase name="testInvokeAPIBeforeChangeAPIContext" time="3.929" classname="org.wso2.am.integration.tests.api.lifecycle.EditAPIContextAndCheckAccessibilityTestCase"/>
  <testcase name="testInvokeAPIAfterChangeAPIContextWithNewContext" time="0.149" classname="org.wso2.am.integration.tests.api.lifecycle.EditAPIContextAndCheckAccessibilityTestCase"/>
  <testcase name="testInvokeAPIAfterChangeAPIContextWithOldContext" time="0.030" classname="org.wso2.am.integration.tests.api.lifecycle.EditAPIContextAndCheckAccessibilityTestCase"/>
  <testcase name="testEditAPIContext" time="2.493" classname="org.wso2.am.integration.tests.api.lifecycle.EditAPIContextAndCheckAccessibilityTestCase"/>
</testsuite>
