<?xml version="1.0" encoding="UTF-8"?>
<!-- Generated by org.testng.reporters.JUnitReportReporter -->
<testsuite hostname="Nuwans-MacBook-Pro.local" name="org.wso2.am.integration.tests.rest.URLMappingRESTTestCase" tests="2" failures="0" timestamp="20 Aug 2015 14:37:45 GMT" time="0.097" errors="0">
  <testcase name="testRESTURITemplate" time="0.037" classname="org.wso2.am.integration.tests.rest.URLMappingRESTTestCase"/>
  <testcase name="testRESTURITemplate" time="0.060" classname="org.wso2.am.integration.tests.rest.URLMappingRESTTestCase"/>
</testsuite>
