<?xml version="1.0" encoding="UTF-8"?>
<!-- Generated by org.testng.reporters.JUnitReportReporter -->
<testsuite hostname="Nuwans-MacBook-Pro.local" name="org.wso2.am.integration.tests.api.lifecycle.ChangeApplicationTierAndTestInvokingTestCase" tests="3" failures="0" timestamp="20 Aug 2015 14:37:45 GMT" time="136.936" errors="0">
  <testcase name="testInvokingWithAPIGoldTierApplicationSilver" time="4.893" classname="org.wso2.am.integration.tests.api.lifecycle.ChangeApplicationTierAndTestInvokingTestCase"/>
  <testcase name="testInvokingWithAPIGoldTierApplicationSilverFor2ndTime" time="65.667" classname="org.wso2.am.integration.tests.api.lifecycle.ChangeApplicationTierAndTestInvokingTestCase"/>
  <testcase name="testInvokingWithAPIGoldTierApplicationGold" time="66.376" classname="org.wso2.am.integration.tests.api.lifecycle.ChangeApplicationTierAndTestInvokingTestCase"/>
</testsuite>
