<?xml version="1.0" encoding="UTF-8"?>
<!-- Generated by org.testng.reporters.JUnitReportReporter -->
<testsuite hostname="Nuwans-MacBook-Pro.local" name="org.wso2.am.integration.tests.resources.APIResourceModificationTestCase" tests="2" failures="0" timestamp="20 Aug 2015 14:37:45 GMT" time="18.896" errors="0">
  <testcase name="testSetScopeToResourceTestCase" time="9.538" classname="org.wso2.am.integration.tests.resources.APIResourceModificationTestCase"/>
  <testcase name="testSetScopeToResourceTestCase" time="9.358" classname="org.wso2.am.integration.tests.resources.APIResourceModificationTestCase"/>
</testsuite>
