<?xml version="1.0" encoding="UTF-8"?>
<!-- Generated by org.testng.reporters.JUnitReportReporter -->
<testsuite hostname="Nuwans-MacBook-Pro.local" name="org.wso2.am.integration.tests.other.APIInvocationFailureTestCase" tests="2" failures="0" timestamp="20 Aug 2015 14:37:45 GMT" time="17.997" errors="0">
  <testcase name="APIInvocationFailureForTenant" time="12.754" classname="org.wso2.am.integration.tests.other.APIInvocationFailureTestCase"/>
  <testcase name="APIInvocationFailureForSuperTenant" time="5.243" classname="org.wso2.am.integration.tests.other.APIInvocationFailureTestCase"/>
</testsuite>
