<?xml version="1.0" encoding="UTF-8"?>
<!-- Generated by org.testng.reporters.JUnitReportReporter -->
<testsuite hostname="Nuwans-MacBook-Pro.local" name="org.wso2.am.integration.tests.version.DefaultVersionAPITestCase" tests="2" failures="0" timestamp="20 Aug 2015 14:37:45 GMT" time="8.506" errors="0">
  <testcase name="testDefaultVersionAPI" time="4.240" classname="org.wso2.am.integration.tests.version.DefaultVersionAPITestCase"/>
  <testcase name="testDefaultVersionAPI" time="4.266" classname="org.wso2.am.integration.tests.version.DefaultVersionAPITestCase"/>
</testsuite>
