<?xml version="1.0" encoding="UTF-8"?>
<!-- Generated by org.testng.reporters.JUnitReportReporter -->
<testsuite hostname="Nuwans-MacBook-Pro.local" name="org.wso2.am.integration.tests.api.lifecycle.ChangeEndPointSecurityOfAPITestCase" tests="31" failures="0" timestamp="20 Aug 2015 14:37:45 GMT" time="82.904" errors="0">
  <testcase name="testInvokeGETResourceWithSecuredEndPointComplexPassword" time="2.547" classname="org.wso2.am.integration.tests.api.lifecycle.ChangeEndPointSecurityOfAPITestCase"/>
  <testcase name="testInvokeGETResourceWithSecuredEndPointComplexPassword" time="2.575" classname="org.wso2.am.integration.tests.api.lifecycle.ChangeEndPointSecurityOfAPITestCase"/>
  <testcase name="testInvokeGETResourceWithSecuredEndPointComplexPassword" time="2.709" classname="org.wso2.am.integration.tests.api.lifecycle.ChangeEndPointSecurityOfAPITestCase"/>
  <testcase name="testInvokeGETResourceWithSecuredEndPointComplexPassword" time="2.488" classname="org.wso2.am.integration.tests.api.lifecycle.ChangeEndPointSecurityOfAPITestCase"/>
  <testcase name="testInvokeGETResourceWithSecuredEndPointComplexPassword" time="2.581" classname="org.wso2.am.integration.tests.api.lifecycle.ChangeEndPointSecurityOfAPITestCase"/>
  <testcase name="testInvokeGETResourceWithSecuredEndPointComplexPassword" time="2.821" classname="org.wso2.am.integration.tests.api.lifecycle.ChangeEndPointSecurityOfAPITestCase"/>
  <testcase name="testInvokeGETResourceWithSecuredEndPointComplexPassword" time="2.656" classname="org.wso2.am.integration.tests.api.lifecycle.ChangeEndPointSecurityOfAPITestCase"/>
  <testcase name="testInvokeGETResourceWithSecuredEndPointComplexPassword" time="2.695" classname="org.wso2.am.integration.tests.api.lifecycle.ChangeEndPointSecurityOfAPITestCase"/>
  <testcase name="testInvokeGETResourceWithSecuredEndPointComplexPassword" time="2.622" classname="org.wso2.am.integration.tests.api.lifecycle.ChangeEndPointSecurityOfAPITestCase"/>
  <testcase name="testInvokeGETResourceWithSecuredEndPointComplexPassword" time="2.581" classname="org.wso2.am.integration.tests.api.lifecycle.ChangeEndPointSecurityOfAPITestCase"/>
  <testcase name="testInvokeGETResourceWithSecuredEndPointComplexPassword" time="2.673" classname="org.wso2.am.integration.tests.api.lifecycle.ChangeEndPointSecurityOfAPITestCase"/>
  <testcase name="testInvokeGETResourceWithSecuredEndPointComplexPassword" time="2.611" classname="org.wso2.am.integration.tests.api.lifecycle.ChangeEndPointSecurityOfAPITestCase"/>
  <testcase name="testInvokeGETResourceWithSecuredEndPointComplexPassword" time="2.719" classname="org.wso2.am.integration.tests.api.lifecycle.ChangeEndPointSecurityOfAPITestCase"/>
  <testcase name="testInvokeGETResourceWithSecuredEndPointComplexPassword" time="2.749" classname="org.wso2.am.integration.tests.api.lifecycle.ChangeEndPointSecurityOfAPITestCase"/>
  <testcase name="testInvokeGETResourceWithSecuredEndPointComplexPassword" time="2.705" classname="org.wso2.am.integration.tests.api.lifecycle.ChangeEndPointSecurityOfAPITestCase"/>
  <testcase name="testInvokeGETResourceWithSecuredEndPointComplexPassword" time="2.590" classname="org.wso2.am.integration.tests.api.lifecycle.ChangeEndPointSecurityOfAPITestCase"/>
  <testcase name="testInvokeGETResourceWithSecuredEndPointComplexPassword" time="2.661" classname="org.wso2.am.integration.tests.api.lifecycle.ChangeEndPointSecurityOfAPITestCase"/>
  <testcase name="testInvokeGETResourceWithSecuredEndPointComplexPassword" time="2.612" classname="org.wso2.am.integration.tests.api.lifecycle.ChangeEndPointSecurityOfAPITestCase"/>
  <testcase name="testInvokeGETResourceWithSecuredEndPointComplexPassword" time="2.640" classname="org.wso2.am.integration.tests.api.lifecycle.ChangeEndPointSecurityOfAPITestCase"/>
  <testcase name="testInvokeGETResourceWithSecuredEndPointComplexPassword" time="2.611" classname="org.wso2.am.integration.tests.api.lifecycle.ChangeEndPointSecurityOfAPITestCase"/>
  <testcase name="testInvokeGETResourceWithSecuredEndPointComplexPassword" time="2.623" classname="org.wso2.am.integration.tests.api.lifecycle.ChangeEndPointSecurityOfAPITestCase"/>
  <testcase name="testInvokeGETResourceWithSecuredEndPointPasswordOnlyNumbersAndLetters" time="3.993" classname="org.wso2.am.integration.tests.api.lifecycle.ChangeEndPointSecurityOfAPITestCase"/>
  <testcase name="testInvokeGETResourceWithSecuredEndPointComplexPassword" time="2.658" classname="org.wso2.am.integration.tests.api.lifecycle.ChangeEndPointSecurityOfAPITestCase"/>
  <testcase name="testInvokeGETResourceWithSecuredEndPointComplexPassword" time="2.487" classname="org.wso2.am.integration.tests.api.lifecycle.ChangeEndPointSecurityOfAPITestCase"/>
  <testcase name="testInvokeGETResourceWithSecuredEndPointComplexPassword" time="2.623" classname="org.wso2.am.integration.tests.api.lifecycle.ChangeEndPointSecurityOfAPITestCase"/>
  <testcase name="testInvokeGETResourceWithSecuredEndPointComplexPassword" time="2.540" classname="org.wso2.am.integration.tests.api.lifecycle.ChangeEndPointSecurityOfAPITestCase"/>
  <testcase name="testInvokeGETResourceWithSecuredEndPointComplexPassword" time="2.597" classname="org.wso2.am.integration.tests.api.lifecycle.ChangeEndPointSecurityOfAPITestCase"/>
  <testcase name="testInvokeGETResourceWithSecuredEndPointComplexPassword" time="2.697" classname="org.wso2.am.integration.tests.api.lifecycle.ChangeEndPointSecurityOfAPITestCase"/>
  <testcase name="testInvokeGETResourceWithSecuredEndPointComplexPassword" time="2.622" classname="org.wso2.am.integration.tests.api.lifecycle.ChangeEndPointSecurityOfAPITestCase"/>
  <testcase name="testInvokeGETResourceWithSecuredEndPointComplexPassword" time="2.592" classname="org.wso2.am.integration.tests.api.lifecycle.ChangeEndPointSecurityOfAPITestCase"/>
  <testcase name="testInvokeGETResourceWithSecuredEndPointComplexPassword" time="2.626" classname="org.wso2.am.integration.tests.api.lifecycle.ChangeEndPointSecurityOfAPITestCase"/>
</testsuite>
