<?xml version="1.0" encoding="UTF-8"?>
<!-- Generated by org.testng.reporters.JUnitReportReporter -->
<testsuite hostname="Nuwans-MacBook-Pro.local" name="org.wso2.am.integration.tests.api.lifecycle.EditAPIAndCheckUpdatedInformationTestCase" tests="2" failures="0" timestamp="20 Aug 2015 14:37:45 GMT" time="5.910" errors="0">
  <testcase name="testEditAPIInformation" time="5.791" classname="org.wso2.am.integration.tests.api.lifecycle.EditAPIAndCheckUpdatedInformationTestCase"/>
  <testcase name="testUpdatedAPIInformationFromAPIPublisher" time="0.119" classname="org.wso2.am.integration.tests.api.lifecycle.EditAPIAndCheckUpdatedInformationTestCase"/>
</testsuite>
