<?xml version="1.0" encoding="UTF-8"?>
<!-- Generated by org.testng.reporters.JUnitReportReporter -->
<testsuite hostname="Nuwans-MacBook-Pro.local" name="org.wso2.am.integration.tests.api.lifecycle.ChangeAPIEndPointURLTestCase" tests="3" failures="0" timestamp="20 Aug 2015 14:37:45 GMT" time="9.123" errors="0">
  <testcase name="testAPIInvocationBeforeChangeTheEndPointURL" time="3.935" classname="org.wso2.am.integration.tests.api.lifecycle.ChangeAPIEndPointURLTestCase"/>
  <testcase name="testInvokeAPIAfterChangeAPIEndPointURLWithNewEndPointURL" time="2.345" classname="org.wso2.am.integration.tests.api.lifecycle.ChangeAPIEndPointURLTestCase"/>
  <testcase name="testEditEndPointURL" time="2.843" classname="org.wso2.am.integration.tests.api.lifecycle.ChangeAPIEndPointURLTestCase"/>
</testsuite>
