<?xml version="1.0" encoding="UTF-8"?>
<!-- Generated by org.testng.reporters.JUnitReportReporter -->
<testsuite hostname="Nuwans-MacBook-Pro.local" name="org.wso2.am.integration.tests.api.lifecycle.ChangeAPITierAndTestInvokingTestCase" tests="4" failures="0" timestamp="20 Aug 2015 14:37:45 GMT" time="139.645" errors="0">
  <testcase name="testEditAPITierToSilver" time="2.841" classname="org.wso2.am.integration.tests.api.lifecycle.ChangeAPITierAndTestInvokingTestCase"/>
  <testcase name="testInvokingAfterExpireThrottleExpireTime" time="65.058" classname="org.wso2.am.integration.tests.api.lifecycle.ChangeAPITierAndTestInvokingTestCase"/>
  <testcase name="testInvokingWithGoldTier" time="5.045" classname="org.wso2.am.integration.tests.api.lifecycle.ChangeAPITierAndTestInvokingTestCase"/>
  <testcase name="testInvokingWithSilverTier" time="66.701" classname="org.wso2.am.integration.tests.api.lifecycle.ChangeAPITierAndTestInvokingTestCase"/>
</testsuite>
