<?xml version="1.0" encoding="UTF-8"?>
<!-- Generated by org.testng.reporters.JUnitReportReporter -->
<testsuite hostname="Nuwans-MacBook-Pro.local" name="org.wso2.am.integration.tests.api.lifecycle.AddEditRemoveRESTResourceTestCase" tests="5" failures="0" timestamp="20 Aug 2015 14:37:45 GMT" time="13.161" errors="0">
  <testcase name="testInvokeGETResource" time="4.109" classname="org.wso2.am.integration.tests.api.lifecycle.AddEditRemoveRESTResourceTestCase"/>
  <testcase name="testInvokeGETAndPOSTResourceAfterRemovePOSTResource" time="2.981" classname="org.wso2.am.integration.tests.api.lifecycle.AddEditRemoveRESTResourceTestCase"/>
  <testcase name="testInvokePOSTAndGETResourceAfterAddingPOSTResource" time="3.035" classname="org.wso2.am.integration.tests.api.lifecycle.AddEditRemoveRESTResourceTestCase"/>
  <testcase name="testInvokePOSTResourceBeforeAddingPOSTResource" time="0.022" classname="org.wso2.am.integration.tests.api.lifecycle.AddEditRemoveRESTResourceTestCase"/>
  <testcase name="testInvokePOSTAndGetResourceAfterAddingURLPattern" time="3.014" classname="org.wso2.am.integration.tests.api.lifecycle.AddEditRemoveRESTResourceTestCase"/>
</testsuite>
