<?xml version="1.0" encoding="UTF-8"?>
<!-- Generated by org.testng.reporters.JUnitReportReporter -->
<testsuite hostname="Nuwans-MacBook-Pro.local" name="org.wso2.am.integration.tests.other.APIMANAGER2611EndpointValidationTestCase" tests="2" failures="0" timestamp="20 Aug 2015 14:37:45 GMT" time="0.358" errors="0">
  <testcase name="checkEndpointValidation" time="0.208" classname="org.wso2.am.integration.tests.other.APIMANAGER2611EndpointValidationTestCase"/>
  <testcase name="checkEndpointValidation" time="0.150" classname="org.wso2.am.integration.tests.other.APIMANAGER2611EndpointValidationTestCase"/>
</testsuite>
