<?xml version="1.0" encoding="UTF-8"?>
<!-- Generated by org.testng.reporters.JUnitReportReporter -->
<testsuite hostname="Nuwans-MacBook-Pro.local" name="org.wso2.am.integration.tests.api.lifecycle.APIPublishingAndVisibilityInStoreTestCase" tests="4" failures="0" timestamp="20 Aug 2015 14:37:45 GMT" time="3.476" errors="0">
  <testcase name="testAPIPublishing" time="1.371" classname="org.wso2.am.integration.tests.api.lifecycle.APIPublishingAndVisibilityInStoreTestCase"/>
  <testcase name="testVisibilityOfAPIInStoreBeforePublishing" time="0.091" classname="org.wso2.am.integration.tests.api.lifecycle.APIPublishingAndVisibilityInStoreTestCase"/>
  <testcase name="testAPICreation" time="1.927" classname="org.wso2.am.integration.tests.api.lifecycle.APIPublishingAndVisibilityInStoreTestCase"/>
  <testcase name="testVisibilityOfAPIInStoreAfterPublishing" time="0.087" classname="org.wso2.am.integration.tests.api.lifecycle.APIPublishingAndVisibilityInStoreTestCase"/>
</testsuite>
