<?xml version="1.0" encoding="UTF-8"?>
<!-- Generated by org.testng.reporters.JUnitReportReporter -->
<testsuite hostname="Nuwans-MacBook-Pro.local" name="org.wso2.am.integration.tests.api.lifecycle.AccessibilityOfOldAPIAndCopyAPIWithOutReSubscriptionTestCase" tests="4" failures="0" timestamp="20 Aug 2015 14:37:45 GMT" time="8.212" errors="0">
  <testcase name="testPublishCopiedAPIWithOutReSubscriptionRequired" time="3.479" classname="org.wso2.am.integration.tests.api.lifecycle.AccessibilityOfOldAPIAndCopyAPIWithOutReSubscriptionTestCase"/>
  <testcase name="testSubscriptionOfOldAPI" time="3.584" classname="org.wso2.am.integration.tests.api.lifecycle.AccessibilityOfOldAPIAndCopyAPIWithOutReSubscriptionTestCase"/>
  <testcase name="testInvokeNewAPIWithoutSubscribeTheNewVersion" time="0.154" classname="org.wso2.am.integration.tests.api.lifecycle.AccessibilityOfOldAPIAndCopyAPIWithOutReSubscriptionTestCase"/>
  <testcase name="testInvokeOldAPIBeforeSubscribeTheNewVersion" time="0.995" classname="org.wso2.am.integration.tests.api.lifecycle.AccessibilityOfOldAPIAndCopyAPIWithOutReSubscriptionTestCase"/>
</testsuite>
