<?xml version="1.0" encoding="UTF-8"?>
<!-- Generated by org.testng.reporters.JUnitReportReporter -->
<testsuite hostname="Nuwans-MacBook-Pro.local" name="org.wso2.am.integration.tests.api.lifecycle.AccessibilityOfRetireAPITestCase" tests="8" failures="4" timestamp="20 Aug 2015 14:37:45 GMT" time="9.134" errors="0">
  <testcase name="testInvokeAPIAfterChangeAPILifecycleToRetired" time="0.046" classname="org.wso2.am.integration.tests.api.lifecycle.AccessibilityOfRetireAPITestCase"/>
  <testcase name="testAvailabilityOfRetiredAPIInStore" time="0.199" classname="org.wso2.am.integration.tests.api.lifecycle.AccessibilityOfRetireAPITestCase"/>
  <testcase name="testChangeAPILifecycleToRetired" time="0.001" classname="org.wso2.am.integration.tests.api.lifecycle.AccessibilityOfRetireAPITestCase">
    <failure type="org.wso2.am.integration.test.utils.APIManagerIntegrationTestException" message="Exception when delete a API">
      <![CDATA[org.wso2.am.integration.test.utils.APIManagerIntegrationTestException: Exception when delete a API
	at org.wso2.am.integration.tests.api.lifecycle.APIManagerLifecycleBaseTest.deleteAPI(APIManagerLifecycleBaseTest.java:172)
	at org.wso2.am.integration.tests.api.lifecycle.AccessibilityOfRetireAPITestCase.cleanUpArtifacts(AccessibilityOfRetireAPITestCase.java:161)
	at sun.reflect.NativeMethodAccessorImpl.invoke0(Native Method)
	at sun.reflect.NativeMethodAccessorImpl.invoke(NativeMethodAccessorImpl.java:39)
	at sun.reflect.DelegatingMethodAccessorImpl.invoke(DelegatingMethodAccessorImpl.java:25)
	at java.lang.reflect.Method.invoke(Method.java:597)
	at org.testng.internal.MethodInvocationHelper.invokeMethod(MethodInvocationHelper.java:80)
	at org.testng.internal.Invoker.invokeConfigurationMethod(Invoker.java:525)
	at org.testng.internal.Invoker.invokeConfigurations(Invoker.java:202)
	at org.testng.internal.Invoker.invokeConfigurations(Invoker.java:130)
	at org.testng.internal.TestMethodWorker.invokeAfterClassMethods(TestMethodWorker.java:222)
	at org.testng.internal.TestMethodWorker.run(TestMethodWorker.java:112)
	at org.testng.TestRunner.runWorkers(TestRunner.java:1178)
	at org.testng.TestRunner.privateRun(TestRunner.java:757)
	at org.testng.TestRunner.run(TestRunner.java:608)
	at org.testng.SuiteRunner.runTest(SuiteRunner.java:334)
	at org.testng.SuiteRunner.runSequentially(SuiteRunner.java:329)
	at org.testng.SuiteRunner.privateRun(SuiteRunner.java:291)
	at org.testng.SuiteRunner.run(SuiteRunner.java:240)
	at org.testng.SuiteRunnerWorker.runSuite(SuiteRunnerWorker.java:52)
	at org.testng.SuiteRunnerWorker.run(SuiteRunnerWorker.java:86)
	at org.testng.TestNG.runSuitesSequentially(TestNG.java:1158)
	at org.testng.TestNG.runSuitesLocally(TestNG.java:1083)
	at org.testng.TestNG.run(TestNG.java:999)
	at org.apache.maven.surefire.testng.TestNGExecutor.run(TestNGExecutor.java:295)
	at org.apache.maven.surefire.testng.TestNGXmlTestSuite.execute(TestNGXmlTestSuite.java:84)
	at org.apache.maven.surefire.testng.TestNGProvider.invoke(TestNGProvider.java:90)
	at org.apache.maven.surefire.booter.ForkedBooter.invokeProviderInSameClassLoader(ForkedBooter.java:203)
	at org.apache.maven.surefire.booter.ForkedBooter.runSuitesInProcess(ForkedBooter.java:155)
	at org.apache.maven.surefire.booter.ForkedBooter.main(ForkedBooter.java:103)
Caused by: org.wso2.am.integration.test.utils.APIManagerIntegrationTestException: Error in API Deletion. API Name:RetireAPITest API Version:1.0.0 API Provider Name :admin  API Context :org.wso2.carbon.automation.test.utils.http.client.HttpResponse@311f56a3Response Code:200 Response Data :{"error" : true, "message" : " Failed to remove the API from : /apimgt/applicationdata/provider/admin/RetireAPITest/1.0.0"}
	at org.wso2.am.integration.tests.api.lifecycle.APIManagerLifecycleBaseTest.deleteAPI(APIManagerLifecycleBaseTest.java:165)
	... 29 more
]]>
    </failure>
  </testcase>
  <testcase name="testAvailabilityOfRetiredAPIInStore" time="0.001" classname="org.wso2.am.integration.tests.api.lifecycle.AccessibilityOfRetireAPITestCase">
    <failure type="org.wso2.am.integration.test.utils.APIManagerIntegrationTestException" message="Exception when delete a API">
      <![CDATA[org.wso2.am.integration.test.utils.APIManagerIntegrationTestException: Exception when delete a API
	at org.wso2.am.integration.tests.api.lifecycle.APIManagerLifecycleBaseTest.deleteAPI(APIManagerLifecycleBaseTest.java:172)
	at org.wso2.am.integration.tests.api.lifecycle.AccessibilityOfRetireAPITestCase.cleanUpArtifacts(AccessibilityOfRetireAPITestCase.java:161)
	at sun.reflect.NativeMethodAccessorImpl.invoke0(Native Method)
	at sun.reflect.NativeMethodAccessorImpl.invoke(NativeMethodAccessorImpl.java:39)
	at sun.reflect.DelegatingMethodAccessorImpl.invoke(DelegatingMethodAccessorImpl.java:25)
	at java.lang.reflect.Method.invoke(Method.java:597)
	at org.testng.internal.MethodInvocationHelper.invokeMethod(MethodInvocationHelper.java:80)
	at org.testng.internal.Invoker.invokeConfigurationMethod(Invoker.java:525)
	at org.testng.internal.Invoker.invokeConfigurations(Invoker.java:202)
	at org.testng.internal.Invoker.invokeConfigurations(Invoker.java:130)
	at org.testng.internal.TestMethodWorker.invokeAfterClassMethods(TestMethodWorker.java:222)
	at org.testng.internal.TestMethodWorker.run(TestMethodWorker.java:112)
	at org.testng.TestRunner.runWorkers(TestRunner.java:1178)
	at org.testng.TestRunner.privateRun(TestRunner.java:757)
	at org.testng.TestRunner.run(TestRunner.java:608)
	at org.testng.SuiteRunner.runTest(SuiteRunner.java:334)
	at org.testng.SuiteRunner.runSequentially(SuiteRunner.java:329)
	at org.testng.SuiteRunner.privateRun(SuiteRunner.java:291)
	at org.testng.SuiteRunner.run(SuiteRunner.java:240)
	at org.testng.SuiteRunnerWorker.runSuite(SuiteRunnerWorker.java:52)
	at org.testng.SuiteRunnerWorker.run(SuiteRunnerWorker.java:86)
	at org.testng.TestNG.runSuitesSequentially(TestNG.java:1158)
	at org.testng.TestNG.runSuitesLocally(TestNG.java:1083)
	at org.testng.TestNG.run(TestNG.java:999)
	at org.apache.maven.surefire.testng.TestNGExecutor.run(TestNGExecutor.java:295)
	at org.apache.maven.surefire.testng.TestNGXmlTestSuite.execute(TestNGXmlTestSuite.java:84)
	at org.apache.maven.surefire.testng.TestNGProvider.invoke(TestNGProvider.java:90)
	at org.apache.maven.surefire.booter.ForkedBooter.invokeProviderInSameClassLoader(ForkedBooter.java:203)
	at org.apache.maven.surefire.booter.ForkedBooter.runSuitesInProcess(ForkedBooter.java:155)
	at org.apache.maven.surefire.booter.ForkedBooter.main(ForkedBooter.java:103)
Caused by: org.wso2.am.integration.test.utils.APIManagerIntegrationTestException: Error in API Deletion. API Name:RetireAPITest API Version:1.0.0 API Provider Name :admin  API Context :org.wso2.carbon.automation.test.utils.http.client.HttpResponse@311f56a3Response Code:200 Response Data :{"error" : true, "message" : " Failed to remove the API from : /apimgt/applicationdata/provider/admin/RetireAPITest/1.0.0"}
	at org.wso2.am.integration.tests.api.lifecycle.APIManagerLifecycleBaseTest.deleteAPI(APIManagerLifecycleBaseTest.java:165)
	... 29 more
]]>
    </failure>
  </testcase>
  <testcase name="testChangeAPILifecycleToRetired" time="1.168" classname="org.wso2.am.integration.tests.api.lifecycle.AccessibilityOfRetireAPITestCase"/>
  <testcase name="testInvokeAPIAfterChangeAPILifecycleToRetired" time="0.001" classname="org.wso2.am.integration.tests.api.lifecycle.AccessibilityOfRetireAPITestCase">
    <failure type="org.wso2.am.integration.test.utils.APIManagerIntegrationTestException" message="Exception when delete a API">
      <![CDATA[org.wso2.am.integration.test.utils.APIManagerIntegrationTestException: Exception when delete a API
	at org.wso2.am.integration.tests.api.lifecycle.APIManagerLifecycleBaseTest.deleteAPI(APIManagerLifecycleBaseTest.java:172)
	at org.wso2.am.integration.tests.api.lifecycle.AccessibilityOfRetireAPITestCase.cleanUpArtifacts(AccessibilityOfRetireAPITestCase.java:161)
	at sun.reflect.NativeMethodAccessorImpl.invoke0(Native Method)
	at sun.reflect.NativeMethodAccessorImpl.invoke(NativeMethodAccessorImpl.java:39)
	at sun.reflect.DelegatingMethodAccessorImpl.invoke(DelegatingMethodAccessorImpl.java:25)
	at java.lang.reflect.Method.invoke(Method.java:597)
	at org.testng.internal.MethodInvocationHelper.invokeMethod(MethodInvocationHelper.java:80)
	at org.testng.internal.Invoker.invokeConfigurationMethod(Invoker.java:525)
	at org.testng.internal.Invoker.invokeConfigurations(Invoker.java:202)
	at org.testng.internal.Invoker.invokeConfigurations(Invoker.java:130)
	at org.testng.internal.TestMethodWorker.invokeAfterClassMethods(TestMethodWorker.java:222)
	at org.testng.internal.TestMethodWorker.run(TestMethodWorker.java:112)
	at org.testng.TestRunner.runWorkers(TestRunner.java:1178)
	at org.testng.TestRunner.privateRun(TestRunner.java:757)
	at org.testng.TestRunner.run(TestRunner.java:608)
	at org.testng.SuiteRunner.runTest(SuiteRunner.java:334)
	at org.testng.SuiteRunner.runSequentially(SuiteRunner.java:329)
	at org.testng.SuiteRunner.privateRun(SuiteRunner.java:291)
	at org.testng.SuiteRunner.run(SuiteRunner.java:240)
	at org.testng.SuiteRunnerWorker.runSuite(SuiteRunnerWorker.java:52)
	at org.testng.SuiteRunnerWorker.run(SuiteRunnerWorker.java:86)
	at org.testng.TestNG.runSuitesSequentially(TestNG.java:1158)
	at org.testng.TestNG.runSuitesLocally(TestNG.java:1083)
	at org.testng.TestNG.run(TestNG.java:999)
	at org.apache.maven.surefire.testng.TestNGExecutor.run(TestNGExecutor.java:295)
	at org.apache.maven.surefire.testng.TestNGXmlTestSuite.execute(TestNGXmlTestSuite.java:84)
	at org.apache.maven.surefire.testng.TestNGProvider.invoke(TestNGProvider.java:90)
	at org.apache.maven.surefire.booter.ForkedBooter.invokeProviderInSameClassLoader(ForkedBooter.java:203)
	at org.apache.maven.surefire.booter.ForkedBooter.runSuitesInProcess(ForkedBooter.java:155)
	at org.apache.maven.surefire.booter.ForkedBooter.main(ForkedBooter.java:103)
Caused by: org.wso2.am.integration.test.utils.APIManagerIntegrationTestException: Error in API Deletion. API Name:RetireAPITest API Version:1.0.0 API Provider Name :admin  API Context :org.wso2.carbon.automation.test.utils.http.client.HttpResponse@311f56a3Response Code:200 Response Data :{"error" : true, "message" : " Failed to remove the API from : /apimgt/applicationdata/provider/admin/RetireAPITest/1.0.0"}
	at org.wso2.am.integration.tests.api.lifecycle.APIManagerLifecycleBaseTest.deleteAPI(APIManagerLifecycleBaseTest.java:165)
	... 29 more
]]>
    </failure>
  </testcase>
  <testcase name="testInvokeAPIBeforeChangeAPILifecycleToRetired" time="4.578" classname="org.wso2.am.integration.tests.api.lifecycle.AccessibilityOfRetireAPITestCase"/>
  <testcase name="testInvokeAPIBeforeChangeAPILifecycleToRetired" time="3.140" classname="org.wso2.am.integration.tests.api.lifecycle.AccessibilityOfRetireAPITestCase">
    <failure type="org.wso2.am.integration.test.utils.APIManagerIntegrationTestException" message="Error in API Subscribe. API Name:RetireAPITest API Version:1.0.0 API Provider Name :admin Response Code:200 Response Data :{&quot;error&quot; : true, &quot;message&quot; : &quot;org.wso2.carbon.apimgt.api.APIManagementException: Error while adding the subscription for user: admin&quot;}">
      <![CDATA[org.wso2.am.integration.test.utils.APIManagerIntegrationTestException: Error in API Subscribe. API Name:RetireAPITest API Version:1.0.0 API Provider Name :admin Response Code:200 Response Data :{"error" : true, "message" : "org.wso2.carbon.apimgt.api.APIManagementException: Error while adding the subscription for user: admin"}
	at org.wso2.am.integration.tests.api.lifecycle.APIManagerLifecycleBaseTest.createPublishAndSubscribeToAPI(APIManagerLifecycleBaseTest.java:372)
	at org.wso2.am.integration.tests.api.lifecycle.AccessibilityOfRetireAPITestCase.testInvokeAPIBeforeChangeAPILifecycleToRetired(AccessibilityOfRetireAPITestCase.java:93)
	at sun.reflect.NativeMethodAccessorImpl.invoke0(Native Method)
	at sun.reflect.NativeMethodAccessorImpl.invoke(NativeMethodAccessorImpl.java:39)
	at sun.reflect.DelegatingMethodAccessorImpl.invoke(DelegatingMethodAccessorImpl.java:25)
	at java.lang.reflect.Method.invoke(Method.java:597)
	at org.testng.internal.MethodInvocationHelper.invokeMethod(MethodInvocationHelper.java:80)
	at org.testng.internal.Invoker.invokeMethod(Invoker.java:673)
	at org.testng.internal.Invoker.invokeTestMethod(Invoker.java:842)
	at org.testng.internal.Invoker.invokeTestMethods(Invoker.java:1166)
	at org.testng.internal.TestMethodWorker.invokeTestMethods(TestMethodWorker.java:125)
	at org.testng.internal.TestMethodWorker.run(TestMethodWorker.java:109)
	at org.testng.TestRunner.runWorkers(TestRunner.java:1178)
	at org.testng.TestRunner.privateRun(TestRunner.java:757)
	at org.testng.TestRunner.run(TestRunner.java:608)
	at org.testng.SuiteRunner.runTest(SuiteRunner.java:334)
	at org.testng.SuiteRunner.runSequentially(SuiteRunner.java:329)
	at org.testng.SuiteRunner.privateRun(SuiteRunner.java:291)
	at org.testng.SuiteRunner.run(SuiteRunner.java:240)
	at org.testng.SuiteRunnerWorker.runSuite(SuiteRunnerWorker.java:52)
	at org.testng.SuiteRunnerWorker.run(SuiteRunnerWorker.java:86)
	at org.testng.TestNG.runSuitesSequentially(TestNG.java:1158)
	at org.testng.TestNG.runSuitesLocally(TestNG.java:1083)
	at org.testng.TestNG.run(TestNG.java:999)
	at org.apache.maven.surefire.testng.TestNGExecutor.run(TestNGExecutor.java:295)
	at org.apache.maven.surefire.testng.TestNGXmlTestSuite.execute(TestNGXmlTestSuite.java:84)
	at org.apache.maven.surefire.testng.TestNGProvider.invoke(TestNGProvider.java:90)
	at org.apache.maven.surefire.booter.ForkedBooter.invokeProviderInSameClassLoader(ForkedBooter.java:203)
	at org.apache.maven.surefire.booter.ForkedBooter.runSuitesInProcess(ForkedBooter.java:155)
	at org.apache.maven.surefire.booter.ForkedBooter.main(ForkedBooter.java:103)
]]>
    </failure>
  </testcase>
</testsuite>
