<?xml version="1.0" encoding="UTF-8"?>
<!-- Generated by org.testng.reporters.JUnitReportReporter -->
<testsuite hostname="Nuwans-MacBook-Pro.local" name="org.wso2.am.integration.tests.api.lifecycle.ChangeResourceTierAndTestInvokingTestCase" tests="3" failures="0" timestamp="20 Aug 2015 14:37:45 GMT" time="141.622" errors="0">
  <testcase name="testInvokingWithAPIGoldTierApplicationGoldResourceSilver" time="68.030" classname="org.wso2.am.integration.tests.api.lifecycle.ChangeResourceTierAndTestInvokingTestCase"/>
  <testcase name="testInvokingWithAPIGoldTierApplicationGoldResourceGold" time="68.186" classname="org.wso2.am.integration.tests.api.lifecycle.ChangeResourceTierAndTestInvokingTestCase"/>
  <testcase name="testInvokingWithAPIGoldTierApplicationGoldResourceUnlimited" time="5.406" classname="org.wso2.am.integration.tests.api.lifecycle.ChangeResourceTierAndTestInvokingTestCase"/>
</testsuite>
