<?xml version="1.0" encoding="UTF-8"?>
<!-- Generated by org.testng.reporters.JUnitReportReporter -->
<testsuite hostname="Nuwans-MacBook-Pro.local" name="org.wso2.am.integration.tests.api.lifecycle.UsersAndDocsInAPIOverviewTestCase" tests="3" failures="0" timestamp="20 Aug 2015 14:37:45 GMT" time="7.499" errors="0">
  <testcase name="testNumberOfUsersInAPIOverview" time="4.464" classname="org.wso2.am.integration.tests.api.lifecycle.UsersAndDocsInAPIOverviewTestCase"/>
  <testcase name="testUsersInformationInUserTabInAPIOverview" time="0.134" classname="org.wso2.am.integration.tests.api.lifecycle.UsersAndDocsInAPIOverviewTestCase"/>
  <testcase name="testDocInformationInDocsTabInAPIOverview" time="2.901" classname="org.wso2.am.integration.tests.api.lifecycle.UsersAndDocsInAPIOverviewTestCase"/>
</testsuite>
