<?xml version="1.0" encoding="UTF-8"?>
<!-- Generated by org.testng.reporters.JUnitReportReporter -->
<testsuite hostname="Nuwans-MacBook-Pro.local" name="org.wso2.am.integration.tests.other.LocationHeaderTestCase" tests="1" failures="0" timestamp="20 Aug 2015 14:37:45 GMT" time="4.147" errors="0">
  <testcase name="testAPIWithLocationHeader" time="4.147" classname="org.wso2.am.integration.tests.other.LocationHeaderTestCase"/>
</testsuite>
