<?xml version="1.0" encoding="UTF-8"?>
<!-- Generated by org.testng.reporters.JUnitReportReporter -->
<testsuite hostname="Nuwans-MacBook-Pro.local" name="org.wso2.am.integration.tests.login.LoginValidationTestCase" tests="6" failures="0" timestamp="20 Aug 2015 14:37:45 GMT" time="3.928" errors="0">
  <testcase name="testLoginToStoreTestCase" time="1.694" classname="org.wso2.am.integration.tests.login.LoginValidationTestCase"/>
  <testcase name="testInvalidLoginAsPublisherTestCase" time="0.064" classname="org.wso2.am.integration.tests.login.LoginValidationTestCase"/>
  <testcase name="testInvalidLoginAsPublisherTestCase" time="0.052" classname="org.wso2.am.integration.tests.login.LoginValidationTestCase"/>
  <testcase name="testLoginToStoreTestCase" time="1.493" classname="org.wso2.am.integration.tests.login.LoginValidationTestCase"/>
  <testcase name="testInvalidLoginAsSubscriberTestCase" time="0.348" classname="org.wso2.am.integration.tests.login.LoginValidationTestCase"/>
  <testcase name="testInvalidLoginAsSubscriberTestCase" time="0.277" classname="org.wso2.am.integration.tests.login.LoginValidationTestCase"/>
</testsuite>
